Linked: (/home/mathias/git/ai4/devel/.private/drone_command_handler/bin/test_local_position_publisher.py, /home/mathias/git/ai4/devel/bin/test_local_position_publisher.py)
Linked: (/home/mathias/git/ai4/devel/.private/drone_command_handler/bin/local_setpoint_manual_service_server.py, /home/mathias/git/ai4/devel/bin/local_setpoint_manual_service_server.py)
Linked: (/home/mathias/git/ai4/devel/.private/drone_command_handler/include/drone_command_handler/setpoint.h, /home/mathias/git/ai4/devel/include/drone_command_handler/setpoint.h)
Linked: (/home/mathias/git/ai4/devel/.private/drone_command_handler/include/drone_command_handler/setpointRequest.h, /home/mathias/git/ai4/devel/include/drone_command_handler/setpointRequest.h)
Linked: (/home/mathias/git/ai4/devel/.private/drone_command_handler/include/drone_command_handler/setpointResponse.h, /home/mathias/git/ai4/devel/include/drone_command_handler/setpointResponse.h)
Linked: (/home/mathias/git/ai4/devel/.private/drone_command_handler/lib/pkgconfig/drone_command_handler.pc, /home/mathias/git/ai4/devel/lib/pkgconfig/drone_command_handler.pc)
Linked: (/home/mathias/git/ai4/devel/.private/drone_command_handler/lib/python2.7/dist-packages/drone_command_handler/__init__.py, /home/mathias/git/ai4/devel/lib/python2.7/dist-packages/drone_command_handler/__init__.py)
Linked: (/home/mathias/git/ai4/devel/.private/drone_command_handler/lib/python2.7/dist-packages/drone_command_handler/srv/_setpoint.py, /home/mathias/git/ai4/devel/lib/python2.7/dist-packages/drone_command_handler/srv/_setpoint.py)
Linked: (/home/mathias/git/ai4/devel/.private/drone_command_handler/lib/python2.7/dist-packages/drone_command_handler/srv/__init__.py, /home/mathias/git/ai4/devel/lib/python2.7/dist-packages/drone_command_handler/srv/__init__.py)
Linked: (/home/mathias/git/ai4/devel/.private/drone_command_handler/share/roseus/ros/drone_command_handler/manifest.l, /home/mathias/git/ai4/devel/share/roseus/ros/drone_command_handler/manifest.l)
Linked: (/home/mathias/git/ai4/devel/.private/drone_command_handler/share/roseus/ros/drone_command_handler/srv/setpoint.l, /home/mathias/git/ai4/devel/share/roseus/ros/drone_command_handler/srv/setpoint.l)
Linked: (/home/mathias/git/ai4/devel/.private/drone_command_handler/share/common-lisp/ros/drone_command_handler/srv/_package_setpoint.lisp, /home/mathias/git/ai4/devel/share/common-lisp/ros/drone_command_handler/srv/_package_setpoint.lisp)
Linked: (/home/mathias/git/ai4/devel/.private/drone_command_handler/share/common-lisp/ros/drone_command_handler/srv/_package.lisp, /home/mathias/git/ai4/devel/share/common-lisp/ros/drone_command_handler/srv/_package.lisp)
Linked: (/home/mathias/git/ai4/devel/.private/drone_command_handler/share/common-lisp/ros/drone_command_handler/srv/drone_command_handler-srv.asd, /home/mathias/git/ai4/devel/share/common-lisp/ros/drone_command_handler/srv/drone_command_handler-srv.asd)
Linked: (/home/mathias/git/ai4/devel/.private/drone_command_handler/share/common-lisp/ros/drone_command_handler/srv/setpoint.lisp, /home/mathias/git/ai4/devel/share/common-lisp/ros/drone_command_handler/srv/setpoint.lisp)
Linked: (/home/mathias/git/ai4/devel/.private/drone_command_handler/share/gennodejs/ros/drone_command_handler/_index.js, /home/mathias/git/ai4/devel/share/gennodejs/ros/drone_command_handler/_index.js)
Linked: (/home/mathias/git/ai4/devel/.private/drone_command_handler/share/gennodejs/ros/drone_command_handler/srv/_index.js, /home/mathias/git/ai4/devel/share/gennodejs/ros/drone_command_handler/srv/_index.js)
Linked: (/home/mathias/git/ai4/devel/.private/drone_command_handler/share/gennodejs/ros/drone_command_handler/srv/setpoint.js, /home/mathias/git/ai4/devel/share/gennodejs/ros/drone_command_handler/srv/setpoint.js)
Linked: (/home/mathias/git/ai4/devel/.private/drone_command_handler/share/drone_command_handler/cmake/drone_command_handlerConfig-version.cmake, /home/mathias/git/ai4/devel/share/drone_command_handler/cmake/drone_command_handlerConfig-version.cmake)
Linked: (/home/mathias/git/ai4/devel/.private/drone_command_handler/share/drone_command_handler/cmake/drone_command_handlerConfig.cmake, /home/mathias/git/ai4/devel/share/drone_command_handler/cmake/drone_command_handlerConfig.cmake)
Linked: (/home/mathias/git/ai4/devel/.private/drone_command_handler/share/drone_command_handler/cmake/drone_command_handler-msg-extras.cmake, /home/mathias/git/ai4/devel/share/drone_command_handler/cmake/drone_command_handler-msg-extras.cmake)
Linked: (/home/mathias/git/ai4/devel/.private/drone_command_handler/share/drone_command_handler/cmake/drone_command_handler-msg-paths.cmake, /home/mathias/git/ai4/devel/share/drone_command_handler/cmake/drone_command_handler-msg-paths.cmake)
