[35m[1mScanning dependencies of target std_msgs_generate_messages_cpp[0m
[  0%] Built target std_msgs_generate_messages_cpp
[35m[1mScanning dependencies of target _drone_command_handler_generate_messages_check_deps_setpoint[0m
[  0%] Built target _drone_command_handler_generate_messages_check_deps_setpoint
[35m[1mScanning dependencies of target std_msgs_generate_messages_py[0m
[  0%] Built target std_msgs_generate_messages_py
[35m[1mScanning dependencies of target std_msgs_generate_messages_nodejs[0m
[  0%] Built target std_msgs_generate_messages_nodejs
[35m[1mScanning dependencies of target std_msgs_generate_messages_lisp[0m
[  0%] Built target std_msgs_generate_messages_lisp
[35m[1mScanning dependencies of target std_msgs_generate_messages_eus[0m
[  0%] Built target std_msgs_generate_messages_eus
[35m[1mScanning dependencies of target drone_command_handler_generate_messages_cpp[0m
[ 14%] [34m[1mGenerating C++ code from drone_command_handler/setpoint.srv[0m
[ 14%] Built target drone_command_handler_generate_messages_cpp
[35m[1mScanning dependencies of target drone_command_handler_generate_messages_py[0m
[ 28%] [34m[1mGenerating Python code from SRV drone_command_handler/setpoint[0m
[ 42%] [34m[1mGenerating Python srv __init__.py for drone_command_handler[0m
[ 42%] Built target drone_command_handler_generate_messages_py
[35m[1mScanning dependencies of target drone_command_handler_generate_messages_nodejs[0m
[ 57%] [34m[1mGenerating Javascript code from drone_command_handler/setpoint.srv[0m
[ 57%] Built target drone_command_handler_generate_messages_nodejs
[35m[1mScanning dependencies of target drone_command_handler_generate_messages_lisp[0m
[ 71%] [34m[1mGenerating Lisp code from drone_command_handler/setpoint.srv[0m
[ 71%] Built target drone_command_handler_generate_messages_lisp
[35m[1mScanning dependencies of target drone_command_handler_generate_messages_eus[0m
[ 85%] [34m[1mGenerating EusLisp code from drone_command_handler/setpoint.srv[0m
[100%] [34m[1mGenerating EusLisp manifest code for drone_command_handler[0m
[100%] Built target drone_command_handler_generate_messages_eus
[35m[1mScanning dependencies of target drone_command_handler_generate_messages[0m
[100%] Built target drone_command_handler_generate_messages
