Symlinking /home/mathias/git/ai4/devel/bin/test_local_position_publisher.py
Symlinking /home/mathias/git/ai4/devel/bin/local_setpoint_manual_service_server.py
Symlinking /home/mathias/git/ai4/devel/include/drone_command_handler/setpoint.h
Symlinking /home/mathias/git/ai4/devel/include/drone_command_handler/setpointRequest.h
Symlinking /home/mathias/git/ai4/devel/include/drone_command_handler/setpointResponse.h
Symlinking /home/mathias/git/ai4/devel/lib/pkgconfig/drone_command_handler.pc
Symlinking /home/mathias/git/ai4/devel/lib/python2.7/dist-packages/drone_command_handler/__init__.py
Symlinking /home/mathias/git/ai4/devel/lib/python2.7/dist-packages/drone_command_handler/srv/_setpoint.py
Symlinking /home/mathias/git/ai4/devel/lib/python2.7/dist-packages/drone_command_handler/srv/__init__.py
Symlinking /home/mathias/git/ai4/devel/share/roseus/ros/drone_command_handler/manifest.l
Symlinking /home/mathias/git/ai4/devel/share/roseus/ros/drone_command_handler/srv/setpoint.l
Symlinking /home/mathias/git/ai4/devel/share/common-lisp/ros/drone_command_handler/srv/_package_setpoint.lisp
Symlinking /home/mathias/git/ai4/devel/share/common-lisp/ros/drone_command_handler/srv/_package.lisp
Symlinking /home/mathias/git/ai4/devel/share/common-lisp/ros/drone_command_handler/srv/drone_command_handler-srv.asd
Symlinking /home/mathias/git/ai4/devel/share/common-lisp/ros/drone_command_handler/srv/setpoint.lisp
Symlinking /home/mathias/git/ai4/devel/share/gennodejs/ros/drone_command_handler/_index.js
Symlinking /home/mathias/git/ai4/devel/share/gennodejs/ros/drone_command_handler/srv/_index.js
Symlinking /home/mathias/git/ai4/devel/share/gennodejs/ros/drone_command_handler/srv/setpoint.js
Symlinking /home/mathias/git/ai4/devel/share/drone_command_handler/cmake/drone_command_handlerConfig-version.cmake
Symlinking /home/mathias/git/ai4/devel/share/drone_command_handler/cmake/drone_command_handlerConfig.cmake
Symlinking /home/mathias/git/ai4/devel/share/drone_command_handler/cmake/drone_command_handler-msg-extras.cmake
Symlinking /home/mathias/git/ai4/devel/share/drone_command_handler/cmake/drone_command_handler-msg-paths.cmake
