Symlinking /home/mathias/git/ai4/devel/bin/mission_set_current.py
Symlinking /home/mathias/git/ai4/devel/bin/req_data_stream.py
Symlinking /home/mathias/git/ai4/devel/bin/mission_download.py
Symlinking /home/mathias/git/ai4/devel/bin/local_setpoint_pub.py
Symlinking /home/mathias/git/ai4/devel/bin/param_list_get.py
Symlinking /home/mathias/git/ai4/devel/bin/gcs_keypress.py
Symlinking /home/mathias/git/ai4/devel/bin/gcs_simple.py
Symlinking /home/mathias/git/ai4/devel/include/mavlink_lora/mavlink_lora_pos.h
Symlinking /home/mathias/git/ai4/devel/include/mavlink_lora/mavlink_lora_local_ned_pos.h
Symlinking /home/mathias/git/ai4/devel/include/mavlink_lora/mavlink_lora_modes.h
Symlinking /home/mathias/git/ai4/devel/include/mavlink_lora/mavlink_lora_status.h
Symlinking /home/mathias/git/ai4/devel/include/mavlink_lora/mavlink_lora_attitude.h
Symlinking /home/mathias/git/ai4/devel/include/mavlink_lora/mavlink_lora_msg.h
Symlinking /home/mathias/git/ai4/devel/include/mavlink_lora/mavlink_lora_local_setpoint.h
Symlinking /home/mathias/git/ai4/devel/lib/mavlink_lora/mavlink_lora_node
Symlinking /home/mathias/git/ai4/devel/lib/pkgconfig/mavlink_lora.pc
Symlinking /home/mathias/git/ai4/devel/lib/python2.7/dist-packages/mavlink_lora/__init__.py
Symlinking /home/mathias/git/ai4/devel/lib/python2.7/dist-packages/mavlink_lora/msg/_mavlink_lora_local_ned_pos.py
Symlinking /home/mathias/git/ai4/devel/lib/python2.7/dist-packages/mavlink_lora/msg/_mavlink_lora_attitude.py
Symlinking /home/mathias/git/ai4/devel/lib/python2.7/dist-packages/mavlink_lora/msg/_mavlink_lora_pos.py
Symlinking /home/mathias/git/ai4/devel/lib/python2.7/dist-packages/mavlink_lora/msg/_mavlink_lora_local_setpoint.py
Symlinking /home/mathias/git/ai4/devel/lib/python2.7/dist-packages/mavlink_lora/msg/_mavlink_lora_modes.py
Symlinking /home/mathias/git/ai4/devel/lib/python2.7/dist-packages/mavlink_lora/msg/_mavlink_lora_msg.py
Symlinking /home/mathias/git/ai4/devel/lib/python2.7/dist-packages/mavlink_lora/msg/_mavlink_lora_status.py
Symlinking /home/mathias/git/ai4/devel/lib/python2.7/dist-packages/mavlink_lora/msg/__init__.py
Symlinking /home/mathias/git/ai4/devel/share/mavlink_lora/cmake/mavlink_loraConfig-version.cmake
Symlinking /home/mathias/git/ai4/devel/share/mavlink_lora/cmake/mavlink_lora-msg-paths.cmake
Symlinking /home/mathias/git/ai4/devel/share/mavlink_lora/cmake/mavlink_loraConfig.cmake
Symlinking /home/mathias/git/ai4/devel/share/mavlink_lora/cmake/mavlink_lora-msg-extras.cmake
Symlinking /home/mathias/git/ai4/devel/share/roseus/ros/mavlink_lora/manifest.l
Symlinking /home/mathias/git/ai4/devel/share/roseus/ros/mavlink_lora/msg/mavlink_lora_pos.l
Symlinking /home/mathias/git/ai4/devel/share/roseus/ros/mavlink_lora/msg/mavlink_lora_attitude.l
Symlinking /home/mathias/git/ai4/devel/share/roseus/ros/mavlink_lora/msg/mavlink_lora_status.l
Symlinking /home/mathias/git/ai4/devel/share/roseus/ros/mavlink_lora/msg/mavlink_lora_msg.l
Symlinking /home/mathias/git/ai4/devel/share/roseus/ros/mavlink_lora/msg/mavlink_lora_local_setpoint.l
Symlinking /home/mathias/git/ai4/devel/share/roseus/ros/mavlink_lora/msg/mavlink_lora_modes.l
Symlinking /home/mathias/git/ai4/devel/share/roseus/ros/mavlink_lora/msg/mavlink_lora_local_ned_pos.l
Symlinking /home/mathias/git/ai4/devel/share/common-lisp/ros/mavlink_lora/msg/mavlink_lora_local_setpoint.lisp
Symlinking /home/mathias/git/ai4/devel/share/common-lisp/ros/mavlink_lora/msg/_package.lisp
Symlinking /home/mathias/git/ai4/devel/share/common-lisp/ros/mavlink_lora/msg/mavlink_lora_local_ned_pos.lisp
Symlinking /home/mathias/git/ai4/devel/share/common-lisp/ros/mavlink_lora/msg/_package_mavlink_lora_attitude.lisp
Symlinking /home/mathias/git/ai4/devel/share/common-lisp/ros/mavlink_lora/msg/mavlink_lora_pos.lisp
Symlinking /home/mathias/git/ai4/devel/share/common-lisp/ros/mavlink_lora/msg/mavlink_lora_attitude.lisp
Symlinking /home/mathias/git/ai4/devel/share/common-lisp/ros/mavlink_lora/msg/_package_mavlink_lora_local_setpoint.lisp
Symlinking /home/mathias/git/ai4/devel/share/common-lisp/ros/mavlink_lora/msg/_package_mavlink_lora_msg.lisp
Symlinking /home/mathias/git/ai4/devel/share/common-lisp/ros/mavlink_lora/msg/_package_mavlink_lora_local_ned_pos.lisp
Symlinking /home/mathias/git/ai4/devel/share/common-lisp/ros/mavlink_lora/msg/mavlink_lora_msg.lisp
Symlinking /home/mathias/git/ai4/devel/share/common-lisp/ros/mavlink_lora/msg/_package_mavlink_lora_modes.lisp
Symlinking /home/mathias/git/ai4/devel/share/common-lisp/ros/mavlink_lora/msg/mavlink_lora_modes.lisp
Symlinking /home/mathias/git/ai4/devel/share/common-lisp/ros/mavlink_lora/msg/mavlink_lora-msg.asd
Symlinking /home/mathias/git/ai4/devel/share/common-lisp/ros/mavlink_lora/msg/mavlink_lora_status.lisp
Symlinking /home/mathias/git/ai4/devel/share/common-lisp/ros/mavlink_lora/msg/_package_mavlink_lora_pos.lisp
Symlinking /home/mathias/git/ai4/devel/share/common-lisp/ros/mavlink_lora/msg/_package_mavlink_lora_status.lisp
Symlinking /home/mathias/git/ai4/devel/share/gennodejs/ros/mavlink_lora/_index.js
Symlinking /home/mathias/git/ai4/devel/share/gennodejs/ros/mavlink_lora/msg/mavlink_lora_msg.js
Symlinking /home/mathias/git/ai4/devel/share/gennodejs/ros/mavlink_lora/msg/mavlink_lora_local_ned_pos.js
Symlinking /home/mathias/git/ai4/devel/share/gennodejs/ros/mavlink_lora/msg/mavlink_lora_modes.js
Symlinking /home/mathias/git/ai4/devel/share/gennodejs/ros/mavlink_lora/msg/mavlink_lora_status.js
Symlinking /home/mathias/git/ai4/devel/share/gennodejs/ros/mavlink_lora/msg/_index.js
Symlinking /home/mathias/git/ai4/devel/share/gennodejs/ros/mavlink_lora/msg/mavlink_lora_attitude.js
Symlinking /home/mathias/git/ai4/devel/share/gennodejs/ros/mavlink_lora/msg/mavlink_lora_pos.js
Symlinking /home/mathias/git/ai4/devel/share/gennodejs/ros/mavlink_lora/msg/mavlink_lora_local_setpoint.js
