[35m[1mScanning dependencies of target _gcs_terminal_node_generate_messages_check_deps_gcs_heartbeat[0m
[  0%] Built target _gcs_terminal_node_generate_messages_check_deps_gcs_heartbeat
[35m[1mScanning dependencies of target std_msgs_generate_messages_eus[0m
[  0%] Built target std_msgs_generate_messages_eus
[35m[1mScanning dependencies of target std_msgs_generate_messages_py[0m
[  0%] Built target std_msgs_generate_messages_py
[35m[1mScanning dependencies of target std_msgs_generate_messages_nodejs[0m
[  0%] Built target std_msgs_generate_messages_nodejs
[35m[1mScanning dependencies of target std_msgs_generate_messages_lisp[0m
[  0%] Built target std_msgs_generate_messages_lisp
[35m[1mScanning dependencies of target std_msgs_generate_messages_cpp[0m
[  0%] Built target std_msgs_generate_messages_cpp
[35m[1mScanning dependencies of target gcs_terminal_node_generate_messages_eus[0m
[ 14%] [34m[1mGenerating EusLisp code from gcs_terminal_node/gcs_heartbeat.msg[0m
[ 28%] [34m[1mGenerating EusLisp manifest code for gcs_terminal_node[0m
[ 28%] Built target gcs_terminal_node_generate_messages_eus
[35m[1mScanning dependencies of target gcs_terminal_node_generate_messages_py[0m
[ 42%] [34m[1mGenerating Python from MSG gcs_terminal_node/gcs_heartbeat[0m
[ 57%] [34m[1mGenerating Python msg __init__.py for gcs_terminal_node[0m
[ 57%] Built target gcs_terminal_node_generate_messages_py
[35m[1mScanning dependencies of target gcs_terminal_node_generate_messages_nodejs[0m
[ 71%] [34m[1mGenerating Javascript code from gcs_terminal_node/gcs_heartbeat.msg[0m
[ 71%] Built target gcs_terminal_node_generate_messages_nodejs
[35m[1mScanning dependencies of target gcs_terminal_node_generate_messages_cpp[0m
[35m[1mScanning dependencies of target gcs_terminal_node_generate_messages_lisp[0m
[ 85%] [34m[1mGenerating C++ code from gcs_terminal_node/gcs_heartbeat.msg[0m
[100%] [34m[1mGenerating Lisp code from gcs_terminal_node/gcs_heartbeat.msg[0m
[100%] Built target gcs_terminal_node_generate_messages_lisp
[100%] Built target gcs_terminal_node_generate_messages_cpp
[35m[1mScanning dependencies of target gcs_terminal_node_generate_messages[0m
[100%] Built target gcs_terminal_node_generate_messages
